<?xml version="1.0" encoding="UTF-8"?>
<testng-results skipped="0" failed="0" ignored="0" total="1" passed="1">
  <reporter-output>
  </reporter-output>
  <suite name="Default suite" duration-ms="251893" started-at="2020-10-21T09:26:16Z" finished-at="2020-10-21T09:30:28Z">
    <groups>
    </groups>
    <test name="Default test" duration-ms="251893" started-at="2020-10-21T09:26:16Z" finished-at="2020-10-21T09:30:28Z">
      <class name="com_main.MainClass">
        <test-method status="PASS" signature="online_shopping_automation()[pri:0, instance:com_main.MainClass@457e2f02]" name="online_shopping_automation" duration-ms="251608" started-at="2020-10-21T14:56:16Z" finished-at="2020-10-21T15:00:28Z">
          <reporter-output>
          </reporter-output>
        </test-method> <!-- online_shopping_automation -->
      </class> <!-- com_main.MainClass -->
    </test> <!-- Default test -->
  </suite> <!-- Default suite -->
</testng-results>
